<?xml version="1.0" encoding="UTF-8"?>
<!-- Generated by org.testng.reporters.JUnitReportReporter -->
<testsuite skipped="0" hostname="DESKTOP-06B7PSB" name="tests.TcReq_1" tests="1" failures="0" timestamp="01 feb 2020 07:44:54 GMT" time="7.607" errors="0">
  <testcase name="sections" time="7.607" classname="tests.TcReq_1"/>
</testsuite> <!-- tests.TcReq_1 -->
