<?xml version="1.0" encoding="UTF-8"?>
<!-- Generated by org.testng.reporters.JUnitReportReporter -->
<testsuite skipped="0" hostname="DESKTOP-06B7PSB" name="tests.TcReq1_3" tests="1" failures="0" timestamp="01 feb 2020 16:30:16 GMT" time="1.859" errors="0">
  <testcase name="searhItem" time="1.859" classname="tests.TcReq1_3"/>
</testsuite> <!-- tests.TcReq1_3 -->
