<?xml version="1.0" encoding="UTF-8"?>
<!-- Generated by org.testng.reporters.JUnitReportReporter -->
<testsuite skipped="0" hostname="DESKTOP-06B7PSB" name="tests.TcReq1" tests="1" failures="0" timestamp="01 feb 2020 16:50:13 GMT" time="14.009" errors="0">
  <testcase name="offerSection" time="14.009" classname="tests.TcReq1"/>
</testsuite> <!-- tests.TcReq1 -->
